				;	@	/0
0000 0068		;			JP	INICIO
0002 0000		;	NUM_0		K	/0	; 0
0004 000f		;	NUM_15		K	/f	; 15
0006 0002		;	NUM_2		K	/2	; 2
0008 0001		;	NUM_1		K	/1	; 1
000a 0000		;	VAR_0		K	/00	; param
000c 0000		;	VAR_1		K	/00	; var1
000e 0003		;	NUM_3		K	/3	; 3
0010 0005		;	NUM_5		K	/5	; 5
0012 0000		;	VAR_2		K	/00	; var1
0014 0000		;	VAR_3		K	/00	; var2
0016 0000		;	BOOL_0		K	/00	; bol
0018 0000		;	FUNC_0		JP	/00
001a 8002		;			LD	NUM_0	; VAR_0 = NUM_0
001c 900a		;			MM	VAR_0
001e 8004		;			LD	NUM_15	; VAR_1 = NUM_15
0020 900c		;			MM	VAR_1
0022 800c		;			LD	VAR_1	; TEMP_0 = VAR_1
0024 913e		;			MM	TEMP_0
0026 813e		;			LD	TEMP_0
0028 9192		;			MM	ARG_INT
002a a168		;			SC	PRINT_INT
002c 8194		;			LD	RESULT_ASC
002e e100		;			PD	/100	; SAIDA = TEMP_0
0030 81a6		;			LD	NEW_LINE
0032 e100		;			PD	/100
0034 8000		;	LOOP_0		LD	/00
0036 800a		;			LD	VAR_0	; TEMP_0 = VAR_0
0038 913e		;			MM	TEMP_0
003a 8006		;			LD	NUM_2	; TEMP_1 = NUM_2
003c 9140		;			MM	TEMP_1
003e 8140		;			LD	TEMP_1	; WHILE ( TEMP_0 <= TEMP_1 )
0040 513e		;			-	TEMP_0
0042 2062		;			JN	ENDLOOP_0
0044 800a		;			LD	VAR_0	; TEMP_0 = VAR_0 + NUM_1
0046 4008		;			+	NUM_1
0048 913e		;			MM	TEMP_0
004a 813e		;			LD	TEMP_0	; VAR_0 = TEMP_0
004c 900a		;			MM	VAR_0
004e 800a		;			LD	VAR_0	; TEMP_0 = VAR_0
0050 913e		;			MM	TEMP_0
0052 813e		;			LD	TEMP_0
0054 9192		;			MM	ARG_INT
0056 a168		;			SC	PRINT_INT
0058 8194		;			LD	RESULT_ASC
005a e100		;			PD	/100	; SAIDA = TEMP_0
005c 81a6		;			LD	NEW_LINE
005e e100		;			PD	/100
0060 0034		;			JP	LOOP_0
0062 8000		;	ENDLOOP_0		LD	/00	; END WHILE
0064 800a		;			LD	VAR_0	; RETURN VAR_0
0066 b018		;			RS	FUNC_0
0068 8000		;	INICIO		LD	/00
006a 8001		;			LD	/01	; BOOL_0 = TRUE
006c 9016		;			MM	BOOL_0
006e 8002		;			LD	NUM_0	; VAR_2 = NUM_0
0070 9012		;			MM	VAR_2
0072 800e		;			LD	NUM_3	; VAR_3 = NUM_3
0074 9014		;			MM	VAR_3
0076 a018		;			SC	FUNC_0
0078 8000		;	LOOP_1		LD	/00
007a 8012		;			LD	VAR_2	; TEMP_0 = VAR_2
007c 913e		;			MM	TEMP_0
007e 8014		;			LD	VAR_3	; TEMP_2 = VAR_3 * NUM_2
0080 6006		;			*	NUM_2
0082 9142		;			MM	TEMP_2
0084 8142		;			LD	TEMP_2	; TEMP_1 = TEMP_2
0086 9140		;			MM	TEMP_1
0088 8140		;			LD	TEMP_1	; WHILE ( TEMP_0 < TEMP_1 )
008a 513e		;			-	TEMP_0
008c 20ca		;			JN	ENDLOOP_1
008e 10ca		;			JZ	ENDLOOP_1
0090 8012		;			LD	VAR_2	; TEMP_0 = VAR_2 + NUM_1
0092 4008		;			+	NUM_1
0094 913e		;			MM	TEMP_0
0096 813e		;			LD	TEMP_0	; VAR_2 = TEMP_0
0098 9012		;			MM	VAR_2
009a 8000		;	IF_0		LD	/00
009c 8012		;			LD	VAR_2	; TEMP_1 = VAR_2 - NUM_2
009e 5006		;			-	NUM_2
00a0 9140		;			MM	TEMP_1
00a2 8140		;			LD	TEMP_1	; TEMP_0 = TEMP_1
00a4 913e		;			MM	TEMP_0
00a6 8002		;			LD	NUM_0	; TEMP_2 = NUM_0
00a8 9142		;			MM	TEMP_2
00aa 813e		;			LD	TEMP_0	; IF ( TEMP_0 > TEMP_2 )
00ac 5142		;			-	TEMP_2
00ae 20c4		;			JN	ELSE_0
00b0 10c4		;			JZ	ELSE_0
00b2 8012		;			LD	VAR_2	; TEMP_0 = VAR_2
00b4 913e		;			MM	TEMP_0
00b6 813e		;			LD	TEMP_0
00b8 9192		;			MM	ARG_INT
00ba a168		;			SC	PRINT_INT
00bc 8194		;			LD	RESULT_ASC
00be e100		;			PD	/100	; SAIDA = TEMP_0
00c0 81a6		;			LD	NEW_LINE
00c2 e100		;			PD	/100
00c4 8000		;	ELSE_0		LD	/00	; ELSE
00c6 8000		;	ENDIF_0		LD	/00	; END IF
00c8 0078		;			JP	LOOP_1
00ca 8000		;	ENDLOOP_1		LD	/00	; END WHILE
00cc 8000		;	IF_1		LD	/00
00ce 8012		;			LD	VAR_2	; TEMP_0 = VAR_2
00d0 913e		;			MM	TEMP_0
00d2 8014		;			LD	VAR_3	; TEMP_1 = VAR_3
00d4 9140		;			MM	TEMP_1
00d6 813e		;			LD	TEMP_0	; IF ( TEMP_0 == TEMP_1 )
00d8 5140		;			-	TEMP_1
00da 10de		;			JZ	IF_EQ_1
00dc 00fa		;			JP	ELSE_1
00de 8000		;	IF_EQ_1		LD	/00
00e0 8012		;			LD	VAR_2	; TEMP_1 = VAR_2 + VAR_3
00e2 4014		;			+	VAR_3
00e4 9140		;			MM	TEMP_1
00e6 8140		;			LD	TEMP_1	; TEMP_0 = TEMP_1
00e8 913e		;			MM	TEMP_0
00ea 813e		;			LD	TEMP_0
00ec 9192		;			MM	ARG_INT
00ee a168		;			SC	PRINT_INT
00f0 8194		;			LD	RESULT_ASC
00f2 e100		;			PD	/100	; SAIDA = TEMP_0
00f4 81a6		;			LD	NEW_LINE
00f6 e100		;			PD	/100
00f8 0112		;			JP	ENDIF_1
00fa 8000		;	ELSE_1		LD	/00	; ELSE
00fc 8014		;			LD	VAR_3	; VAR_2 = VAR_3
00fe 9012		;			MM	VAR_2
0100 8012		;			LD	VAR_2	; TEMP_0 = VAR_2
0102 913e		;			MM	TEMP_0
0104 813e		;			LD	TEMP_0
0106 9192		;			MM	ARG_INT
0108 a168		;			SC	PRINT_INT
010a 8194		;			LD	RESULT_ASC
010c e100		;			PD	/100	; SAIDA = TEMP_0
010e 81a6		;			LD	NEW_LINE
0110 e100		;			PD	/100
0112 8000		;	ENDIF_1		LD	/00	; END IF
0114 8012		;			LD	VAR_2	; TEMP_0 = VAR_2 * NUM_5
0116 6010		;			*	NUM_5
0118 913e		;			MM	TEMP_0
011a 813e		;			LD	TEMP_0	; TEMP_1 = TEMP_0 / VAR_2
011c 7012		;			/	VAR_2
011e 9140		;			MM	TEMP_1
0120 8140		;			LD	TEMP_1	; TEMP_2 = TEMP_1 + NUM_3
0122 400e		;			+	NUM_3
0124 9142		;			MM	TEMP_2
0126 8142		;			LD	TEMP_2	; VAR_2 = TEMP_2
0128 9012		;			MM	VAR_2
012a 8012		;			LD	VAR_2	; TEMP_0 = VAR_2
012c 913e		;			MM	TEMP_0
012e 813e		;			LD	TEMP_0
0130 9192		;			MM	ARG_INT
0132 a168		;			SC	PRINT_INT
0134 8194		;			LD	RESULT_ASC
0136 e100		;			PD	/100	; SAIDA = TEMP_0
0138 81a6		;			LD	NEW_LINE
013a e100		;			PD	/100
013c c000		;	FIM		HM	/00
013e 0000		;	TEMP_0		K	/00
0140 0000		;	TEMP_1		K	/00
0142 0000		;	TEMP_2		K	/00
0144 0000		;	TEMP_3		K	/00
0146 0000		;	TEMP_4		K	/00
0148 0000		;	TEMP_5		K	/00
014a 0000		;	TEMP_6		K	/00
014c 0000		;	TEMP_7		K	/00
014e 0000		;	TEMP_8		K	/00
0150 0000		;	TEMP_9		K	/00
0152 0000		;	TEMP_10		K	/00
0154 0000		;	TEMP_11		K	/00
0156 0000		;	TEMP_12		K	/00
0158 0000		;	TEMP_13		K	/00
015a 0000		;	TEMP_14		K	/00
015c 0000		;	TEMP_15		K	/00
015e 0000		;	TEMP_16		K	/00
0160 0000		;	TEMP_17		K	/00
0162 0000		;	TEMP_18		K	/00
0164 0000		;	TEMP_19		K	/00
0166 0000		;	TEMP_20		K	/00
0168 0000		;	PRINT_INT		JP	/00
016a 8192		;			LD	ARG_INT	; CONVERT INT TO ASC
016c 4196		;			+	OFFSET
016e 9194		;			MM	RESULT_ASC
0170 8198		;			LD	STRING_1
0172 e100		;			PD	/100	;
0174 819a		;			LD	STRING_2
0176 e100		;			PD	/100	;
0178 819c		;			LD	STRING_3
017a e100		;			PD	/100	;
017c 819e		;			LD	STRING_4
017e e100		;			PD	/100	;
0180 81a0		;			LD	STRING_5
0182 e100		;			PD	/100	;
0184 81a2		;			LD	STRING_6
0186 e100		;			PD	/100	;
0188 81a4		;			LD	STRING_7
018a e100		;			PD	/100	;
018c 81a2		;			LD	STRING_6
018e e100		;			PD	/100	;
0190 b168		;			RS	PRINT_INT
0192 0000		;	ARG_INT		K	/00	; ARG INT
0194 0000		;	RESULT_ASC		K	/00	; RESULT ASC
0196 0030		;	OFFSET		K	/30	; OFFSET
0198 0053		;	STRING_1		K	/53	; S
019a 0041		;	STRING_2		K	/41	; A
019c 0049		;	STRING_3		K	/49	; I
019e 0044		;	STRING_4		K	/44	; D
01a0 0041		;	STRING_5		K	/41	; A
01a2 0020		;	STRING_6		K	/20	; 
01a4 003d		;	STRING_7		K	/3d	; =
01a6 000a		;	NEW_LINE		K	/0a	; NEW LINE
