				;	@	/0
0000 000e		;			JP	INICIO
0002 0000		;	NUM_0		K	/0	; 0
0004 0003		;	NUM_3		K	/3	; 3
0006 0001		;	NUM_1		K	/1	; 1
0008 0005		;	NUM_5		K	/5	; 5
000a 0000		;	VAR_0		K	/00	; var1
000c 0000		;	VAR_1		K	/00	; var2
000e 8000		;	INICIO		LD	/00
0010 8002		;			LD	NUM_0	; VAR_0 = NUM_0
0012 900a		;			MM	VAR_0
0014 8004		;			LD	NUM_3	; VAR_1 = NUM_3
0016 900c		;			MM	VAR_1
0018 8000		;	LOOP_0		LD	/00
001a 800a		;			LD	VAR_0	; TEMP_0 = VAR_0
001c 9098		;			MM	TEMP_0
001e 800c		;			LD	VAR_1	; TEMP_1 = VAR_1
0020 909a		;			MM	TEMP_1
0022 809a		;			LD	TEMP_1	; WHILE ( TEMP_0 < TEMP_1 )
0024 5098		;			-	TEMP_0
0026 2036		;			JN	ENDLOOP_0
0028 1036		;			JZ	ENDLOOP_0
002a 800a		;			LD	VAR_0	; TEMP_0 = VAR_0 + NUM_1
002c 4006		;			+	NUM_1
002e 9098		;			MM	TEMP_0
0030 8098		;			LD	TEMP_0	; VAR_0 = TEMP_0
0032 900a		;			MM	VAR_0
0034 0018		;			JP	LOOP_0
0036 8000		;	ENDLOOP_0		LD	/00	; END WHILE
0038 8000		;	IF_0		LD	/00
003a 800a		;			LD	VAR_0	; TEMP_0 = VAR_0
003c 9098		;			MM	TEMP_0
003e 800c		;			LD	VAR_1	; TEMP_1 = VAR_1
0040 909a		;			MM	TEMP_1
0042 8098		;			LD	TEMP_0	; IF ( TEMP_0 == TEMP_1 )
0044 509a		;			-	TEMP_1
0046 104a		;			JZ	IF_EQ_0
0048 0066		;			JP	ELSE_0
004a 8000		;	IF_EQ_0		LD	/00
004c 800a		;			LD	VAR_0	; TEMP_1 = VAR_0 + VAR_1
004e 400c		;			+	VAR_1
0050 909a		;			MM	TEMP_1
0052 809a		;			LD	TEMP_1	; TEMP_0 = TEMP_1
0054 9098		;			MM	TEMP_0
0056 8098		;			LD	TEMP_0
0058 90ec		;			MM	ARG_INT
005a a0c2		;			SC	PRINT_INT
005c 80ee		;			LD	RESULT_ASC
005e e100		;			PD	/100	; SAIDA = TEMP_0
0060 8100		;			LD	NEW_LINE
0062 e100		;			PD	/100
0064 006c		;			JP	ENDIF_0
0066 8000		;	ELSE_0		LD	/00	; ELSE
0068 800c		;			LD	VAR_1	; VAR_0 = VAR_1
006a 900a		;			MM	VAR_0
006c 8000		;	ENDIF_0		LD	/00	; END IF
006e 800a		;			LD	VAR_0	; TEMP_0 = VAR_0 * NUM_5
0070 6008		;			*	NUM_5
0072 9098		;			MM	TEMP_0
0074 8098		;			LD	TEMP_0	; TEMP_1 = TEMP_0 / VAR_0
0076 700a		;			/	VAR_0
0078 909a		;			MM	TEMP_1
007a 809a		;			LD	TEMP_1	; TEMP_2 = TEMP_1 + NUM_3
007c 4004		;			+	NUM_3
007e 909c		;			MM	TEMP_2
0080 809c		;			LD	TEMP_2	; VAR_0 = TEMP_2
0082 900a		;			MM	VAR_0
0084 800a		;			LD	VAR_0	; TEMP_0 = VAR_0
0086 9098		;			MM	TEMP_0
0088 8098		;			LD	TEMP_0
008a 90ec		;			MM	ARG_INT
008c a0c2		;			SC	PRINT_INT
008e 80ee		;			LD	RESULT_ASC
0090 e100		;			PD	/100	; SAIDA = TEMP_0
0092 8100		;			LD	NEW_LINE
0094 e100		;			PD	/100
0096 c000		;	FIM		HM	/00
0098 0000		;	TEMP_0		K	/00
009a 0000		;	TEMP_1		K	/00
009c 0000		;	TEMP_2		K	/00
009e 0000		;	TEMP_3		K	/00
00a0 0000		;	TEMP_4		K	/00
00a2 0000		;	TEMP_5		K	/00
00a4 0000		;	TEMP_6		K	/00
00a6 0000		;	TEMP_7		K	/00
00a8 0000		;	TEMP_8		K	/00
00aa 0000		;	TEMP_9		K	/00
00ac 0000		;	TEMP_10		K	/00
00ae 0000		;	TEMP_11		K	/00
00b0 0000		;	TEMP_12		K	/00
00b2 0000		;	TEMP_13		K	/00
00b4 0000		;	TEMP_14		K	/00
00b6 0000		;	TEMP_15		K	/00
00b8 0000		;	TEMP_16		K	/00
00ba 0000		;	TEMP_17		K	/00
00bc 0000		;	TEMP_18		K	/00
00be 0000		;	TEMP_19		K	/00
00c0 0000		;	TEMP_20		K	/00
00c2 0000		;	PRINT_INT		JP	/00
00c4 80ec		;			LD	ARG_INT	; CONVERT INT TO ASC
00c6 40f0		;			+	OFFSET
00c8 90ee		;			MM	RESULT_ASC
00ca 80f2		;			LD	STRING_1
00cc e100		;			PD	/100	;
00ce 80f4		;			LD	STRING_2
00d0 e100		;			PD	/100	;
00d2 80f6		;			LD	STRING_3
00d4 e100		;			PD	/100	;
00d6 80f8		;			LD	STRING_4
00d8 e100		;			PD	/100	;
00da 80fa		;			LD	STRING_5
00dc e100		;			PD	/100	;
00de 80fc		;			LD	STRING_6
00e0 e100		;			PD	/100	;
00e2 80fe		;			LD	STRING_7
00e4 e100		;			PD	/100	;
00e6 80fc		;			LD	STRING_6
00e8 e100		;			PD	/100	;
00ea b0c2		;			RS	PRINT_INT
00ec 0000		;	ARG_INT		K	/00	; ARG INT
00ee 0000		;	RESULT_ASC		K	/00	; RESULT ASC
00f0 0030		;	OFFSET		K	/30	; OFFSET
00f2 0053		;	STRING_1		K	/53	; S
00f4 0041		;	STRING_2		K	/41	; A
00f6 0049		;	STRING_3		K	/49	; I
00f8 0044		;	STRING_4		K	/44	; D
00fa 0041		;	STRING_5		K	/41	; A
00fc 0020		;	STRING_6		K	/20	; 
00fe 003d		;	STRING_7		K	/3d	; =
0100 000a		;	NEW_LINE		K	/0a	; NEW LINE
